<?xml version="1.0" encoding="UTF-8"?>
<testng-results skipped="0" failed="0" total="1" passed="1">
  <reporter-output>
  </reporter-output>
  <suite name="Suite1" duration-ms="518" started-at="2019-08-07T07:22:37Z" finished-at="2019-08-07T07:22:38Z">
    <groups>
    </groups>
    <test name="test1" duration-ms="518" started-at="2019-08-07T07:22:37Z" finished-at="2019-08-07T07:22:38Z">
      <class name="com.test.TestRunner.TestRunner">
        <test-method status="PASS" signature="setup()[pri:0, instance:com.test.TestRunner.TestRunner@2eee9593]" name="setup" is-config="true" duration-ms="143" started-at="2019-08-07T17:22:37Z" finished-at="2019-08-07T17:22:37Z">
          <reporter-output>
          </reporter-output>
        </test-method> <!-- setup -->
        <test-method status="PASS" signature="executeTest(io.cucumber.testng.PickleEventWrapper, io.cucumber.testng.CucumberFeatureWrapper)[pri:0, instance:com.test.TestRunner.TestRunner@2eee9593]" name="executeTest" duration-ms="230" started-at="2019-08-07T17:22:38Z" description="Run features" data-provider="xxx" finished-at="2019-08-07T17:22:38Z">
          <params>
            <param index="0">
              <value>
                <![CDATA["Cucumber BDD TestNG demo test"]]>
              </value>
            </param>
            <param index="1">
              <value>
                <![CDATA["Cucumber BDD TestNG demo Feature"]]>
              </value>
            </param>
          </params>
          <reporter-output>
          </reporter-output>
        </test-method> <!-- executeTest -->
        <test-method status="PASS" signature="tearDown()[pri:0, instance:com.test.TestRunner.TestRunner@2eee9593]" name="tearDown" is-config="true" duration-ms="1" started-at="2019-08-07T17:22:38Z" finished-at="2019-08-07T17:22:38Z">
          <reporter-output>
          </reporter-output>
        </test-method> <!-- tearDown -->
      </class> <!-- com.test.TestRunner.TestRunner -->
    </test> <!-- test1 -->
  </suite> <!-- Suite1 -->
</testng-results>
